Analysis & Synthesis report for miniprojeto
Wed May 18 12:36:53 2022
Quartus Prime Version 20.1.1 Build 720 11/11/2020 SJ Lite Edition


---------------------
; Table of Contents ;
---------------------
  1. Legal Notice
  2. Analysis & Synthesis Summary
  3. Analysis & Synthesis Settings
  4. Parallel Compilation
  5. Analysis & Synthesis Source Files Read
  6. Analysis & Synthesis Resource Usage Summary
  7. Analysis & Synthesis Resource Utilization by Entity
  8. Registers Removed During Synthesis
  9. Removed Registers Triggering Further Register Optimizations
 10. General Register Statistics
 11. Parameter Settings for User Entity Instance: GeradorDePulso4:inst4
 12. Parameter Settings for User Entity Instance: GeradorDePulso1:inst5
 13. Post-Synthesis Netlist Statistics for Top Partition
 14. Elapsed Time Per Partition
 15. Analysis & Synthesis Messages



----------------
; Legal Notice ;
----------------
Copyright (C) 2020  Intel Corporation. All rights reserved.
Your use of Intel Corporation's design tools, logic functions 
and other software and tools, and any partner logic 
functions, and any output files from any of the foregoing 
(including device programming or simulation files), and any 
associated documentation or information are expressly subject 
to the terms and conditions of the Intel Program License 
Subscription Agreement, the Intel Quartus Prime License Agreement,
the Intel FPGA IP License Agreement, or other applicable license
agreement, including, without limitation, that your use is for
the sole purpose of programming logic devices manufactured by
Intel and sold by Intel or its authorized distributors.  Please
refer to the applicable agreement for further details, at
https://fpgasoftware.intel.com/eula.



+----------------------------------------------------------------------------------+
; Analysis & Synthesis Summary                                                     ;
+------------------------------------+---------------------------------------------+
; Analysis & Synthesis Status        ; Successful - Wed May 18 12:36:53 2022       ;
; Quartus Prime Version              ; 20.1.1 Build 720 11/11/2020 SJ Lite Edition ;
; Revision Name                      ; miniprojeto                                 ;
; Top-level Entity Name              ; miniprojeto                                 ;
; Family                             ; Cyclone IV E                                ;
; Total logic elements               ; 0                                           ;
;     Total combinational functions  ; 0                                           ;
;     Dedicated logic registers      ; 0                                           ;
; Total registers                    ; 0                                           ;
; Total pins                         ; 29                                          ;
; Total virtual pins                 ; 0                                           ;
; Total memory bits                  ; 0                                           ;
; Embedded Multiplier 9-bit elements ; 0                                           ;
; Total PLLs                         ; 0                                           ;
+------------------------------------+---------------------------------------------+


+------------------------------------------------------------------------------------------------------------+
; Analysis & Synthesis Settings                                                                              ;
+------------------------------------------------------------------+--------------------+--------------------+
; Option                                                           ; Setting            ; Default Value      ;
+------------------------------------------------------------------+--------------------+--------------------+
; Top-level entity name                                            ; miniprojeto        ; miniprojeto        ;
; Family name                                                      ; Cyclone IV E       ; Cyclone V          ;
; Use smart compilation                                            ; Off                ; Off                ;
; Enable parallel Assembler and Timing Analyzer during compilation ; On                 ; On                 ;
; Enable compact report table                                      ; Off                ; Off                ;
; Restructure Multiplexers                                         ; Auto               ; Auto               ;
; Create Debugging Nodes for IP Cores                              ; Off                ; Off                ;
; Preserve fewer node names                                        ; On                 ; On                 ;
; Intel FPGA IP Evaluation Mode                                    ; Enable             ; Enable             ;
; Verilog Version                                                  ; Verilog_2001       ; Verilog_2001       ;
; VHDL Version                                                     ; VHDL_1993          ; VHDL_1993          ;
; State Machine Processing                                         ; Auto               ; Auto               ;
; Safe State Machine                                               ; Off                ; Off                ;
; Extract Verilog State Machines                                   ; On                 ; On                 ;
; Extract VHDL State Machines                                      ; On                 ; On                 ;
; Ignore Verilog initial constructs                                ; Off                ; Off                ;
; Iteration limit for constant Verilog loops                       ; 5000               ; 5000               ;
; Iteration limit for non-constant Verilog loops                   ; 250                ; 250                ;
; Add Pass-Through Logic to Inferred RAMs                          ; On                 ; On                 ;
; Infer RAMs from Raw Logic                                        ; On                 ; On                 ;
; Parallel Synthesis                                               ; On                 ; On                 ;
; DSP Block Balancing                                              ; Auto               ; Auto               ;
; NOT Gate Push-Back                                               ; On                 ; On                 ;
; Power-Up Don't Care                                              ; On                 ; On                 ;
; Remove Redundant Logic Cells                                     ; Off                ; Off                ;
; Remove Duplicate Registers                                       ; On                 ; On                 ;
; Ignore CARRY Buffers                                             ; Off                ; Off                ;
; Ignore CASCADE Buffers                                           ; Off                ; Off                ;
; Ignore GLOBAL Buffers                                            ; Off                ; Off                ;
; Ignore ROW GLOBAL Buffers                                        ; Off                ; Off                ;
; Ignore LCELL Buffers                                             ; Off                ; Off                ;
; Ignore SOFT Buffers                                              ; On                 ; On                 ;
; Limit AHDL Integers to 32 Bits                                   ; Off                ; Off                ;
; Optimization Technique                                           ; Balanced           ; Balanced           ;
; Carry Chain Length                                               ; 70                 ; 70                 ;
; Auto Carry Chains                                                ; On                 ; On                 ;
; Auto Open-Drain Pins                                             ; On                 ; On                 ;
; Perform WYSIWYG Primitive Resynthesis                            ; Off                ; Off                ;
; Auto ROM Replacement                                             ; On                 ; On                 ;
; Auto RAM Replacement                                             ; On                 ; On                 ;
; Auto DSP Block Replacement                                       ; On                 ; On                 ;
; Auto Shift Register Replacement                                  ; Auto               ; Auto               ;
; Allow Shift Register Merging across Hierarchies                  ; Auto               ; Auto               ;
; Auto Clock Enable Replacement                                    ; On                 ; On                 ;
; Strict RAM Replacement                                           ; Off                ; Off                ;
; Allow Synchronous Control Signals                                ; On                 ; On                 ;
; Force Use of Synchronous Clear Signals                           ; Off                ; Off                ;
; Auto RAM Block Balancing                                         ; On                 ; On                 ;
; Auto RAM to Logic Cell Conversion                                ; Off                ; Off                ;
; Auto Resource Sharing                                            ; Off                ; Off                ;
; Allow Any RAM Size For Recognition                               ; Off                ; Off                ;
; Allow Any ROM Size For Recognition                               ; Off                ; Off                ;
; Allow Any Shift Register Size For Recognition                    ; Off                ; Off                ;
; Use LogicLock Constraints during Resource Balancing              ; On                 ; On                 ;
; Ignore translate_off and synthesis_off directives                ; Off                ; Off                ;
; Timing-Driven Synthesis                                          ; On                 ; On                 ;
; Report Parameter Settings                                        ; On                 ; On                 ;
; Report Source Assignments                                        ; On                 ; On                 ;
; Report Connectivity Checks                                       ; On                 ; On                 ;
; Ignore Maximum Fan-Out Assignments                               ; Off                ; Off                ;
; Synchronization Register Chain Length                            ; 2                  ; 2                  ;
; Power Optimization During Synthesis                              ; Normal compilation ; Normal compilation ;
; HDL message level                                                ; Level2             ; Level2             ;
; Suppress Register Optimization Related Messages                  ; Off                ; Off                ;
; Number of Removed Registers Reported in Synthesis Report         ; 5000               ; 5000               ;
; Number of Swept Nodes Reported in Synthesis Report               ; 5000               ; 5000               ;
; Number of Inverted Registers Reported in Synthesis Report        ; 100                ; 100                ;
; Clock MUX Protection                                             ; On                 ; On                 ;
; Auto Gated Clock Conversion                                      ; Off                ; Off                ;
; Block Design Naming                                              ; Auto               ; Auto               ;
; SDC constraint protection                                        ; Off                ; Off                ;
; Synthesis Effort                                                 ; Auto               ; Auto               ;
; Shift Register Replacement - Allow Asynchronous Clear Signal     ; On                 ; On                 ;
; Pre-Mapping Resynthesis Optimization                             ; Off                ; Off                ;
; Analysis & Synthesis Message Level                               ; Medium             ; Medium             ;
; Disable Register Merging Across Hierarchies                      ; Auto               ; Auto               ;
; Resource Aware Inference For Block RAM                           ; On                 ; On                 ;
+------------------------------------------------------------------+--------------------+--------------------+


+------------------------------------------+
; Parallel Compilation                     ;
+----------------------------+-------------+
; Processors                 ; Number      ;
+----------------------------+-------------+
; Number detected on machine ; 16          ;
; Maximum allowed            ; 8           ;
;                            ;             ;
; Average used               ; 1.00        ;
; Maximum used               ; 1           ;
;                            ;             ;
; Usage by Processor         ; % Time Used ;
;     Processor 1            ; 100.0%      ;
+----------------------------+-------------+


+----------------------------------------------------------------------------------------------------------------------------------------------------+
; Analysis & Synthesis Source Files Read                                                                                                             ;
+----------------------------------+-----------------+------------------------------------+------------------------------------------------+---------+
; File Name with User-Entered Path ; Used in Netlist ; File Type                          ; File Name with Absolute Path                   ; Library ;
+----------------------------------+-----------------+------------------------------------+------------------------------------------------+---------+
; Counter4.vhd                     ; yes             ; User VHDL File                     ; C:/Users/andre/MINIPROJETO/Counter4.vhd        ;         ;
; Decoder7Led.vhd                  ; yes             ; User VHDL File                     ; C:/Users/andre/MINIPROJETO/Decoder7Led.vhd     ;         ;
; GeradorDePulso1.vhd              ; yes             ; User VHDL File                     ; C:/Users/andre/MINIPROJETO/GeradorDePulso1.vhd ;         ;
; Mux2_1.vhd                       ; yes             ; User VHDL File                     ; C:/Users/andre/MINIPROJETO/Mux2_1.vhd          ;         ;
; GeradorDePulso4.vhd              ; yes             ; User VHDL File                     ; C:/Users/andre/MINIPROJETO/GeradorDePulso4.vhd ;         ;
; miniprojeto.bdf                  ; yes             ; User Block Diagram/Schematic File  ; C:/Users/andre/MINIPROJETO/miniprojeto.bdf     ;         ;
; dec4_16.vhd                      ; yes             ; User VHDL File                     ; C:/Users/andre/MINIPROJETO/dec4_16.vhd         ;         ;
+----------------------------------+-----------------+------------------------------------+------------------------------------------------+---------+


+--------------------------------------------------------------+
; Analysis & Synthesis Resource Usage Summary                  ;
+---------------------------------------------+----------------+
; Resource                                    ; Usage          ;
+---------------------------------------------+----------------+
;                                             ;                ;
; Total combinational functions               ; 0              ;
; Logic element usage by number of LUT inputs ;                ;
;     -- 4 input functions                    ; 0              ;
;     -- 3 input functions                    ; 0              ;
;     -- <=2 input functions                  ; 0              ;
;                                             ;                ;
; Logic elements by mode                      ;                ;
;     -- normal mode                          ; 0              ;
;     -- arithmetic mode                      ; 0              ;
;                                             ;                ;
; Total registers                             ; 0              ;
;     -- Dedicated logic registers            ; 0              ;
;     -- I/O registers                        ; 0              ;
;                                             ;                ;
; I/O pins                                    ; 29             ;
;                                             ;                ;
; Embedded Multiplier 9-bit elements          ; 0              ;
;                                             ;                ;
; Maximum fan-out node                        ; HEX0[6]~output ;
; Maximum fan-out                             ; 1              ;
; Total fan-out                               ; 29             ;
; Average fan-out                             ; 0.50           ;
+---------------------------------------------+----------------+


+----------------------------------------------------------------------------------------------------------------------------------------------------------------------------------------------------------+
; Analysis & Synthesis Resource Utilization by Entity                                                                                                                                                      ;
+----------------------------+---------------------+---------------------------+-------------+--------------+---------+-----------+------+--------------+---------------------+-------------+--------------+
; Compilation Hierarchy Node ; Combinational ALUTs ; Dedicated Logic Registers ; Memory Bits ; DSP Elements ; DSP 9x9 ; DSP 18x18 ; Pins ; Virtual Pins ; Full Hierarchy Name ; Entity Name ; Library Name ;
+----------------------------+---------------------+---------------------------+-------------+--------------+---------+-----------+------+--------------+---------------------+-------------+--------------+
; |miniprojeto               ; 0 (0)               ; 0 (0)                     ; 0           ; 0            ; 0       ; 0         ; 29   ; 0            ; |miniprojeto        ; miniprojeto ; work         ;
+----------------------------+---------------------+---------------------------+-------------+--------------+---------+-----------+------+--------------+---------------------+-------------+--------------+
Note: For table entries with two numbers listed, the numbers in parentheses indicate the number of resources of the given type used by the specific entity alone. The numbers listed outside of parentheses indicate the total resources of the given type used by the specific entity and all of its sub-entities in the hierarchy.


+---------------------------------------------------------------------------------+
; Registers Removed During Synthesis                                              ;
+----------------------------------------+----------------------------------------+
; Register name                          ; Reason for Removal                     ;
+----------------------------------------+----------------------------------------+
; GeradorDePulso1:inst5|pulso            ; Stuck at VCC due to stuck port data_in ;
; GeradorDePulso4:inst4|pulso            ; Stuck at VCC due to stuck port data_in ;
; Counter4:inst|s_cntValue[0..3]         ; Stuck at GND due to stuck port clock   ;
; GeradorDePulso1:inst5|s_cnt[0..25]     ; Lost fanout                            ;
; GeradorDePulso4:inst4|s_cnt[0..23]     ; Lost fanout                            ;
; Total Number of Removed Registers = 56 ;                                        ;
+----------------------------------------+----------------------------------------+


+-----------------------------------------------------------------------------------------------------------------------------+
; Removed Registers Triggering Further Register Optimizations                                                                 ;
+-----------------------------+---------------------------+-------------------------------------------------------------------+
; Register name               ; Reason for Removal        ; Registers Removed due to This Register                            ;
+-----------------------------+---------------------------+-------------------------------------------------------------------+
; GeradorDePulso1:inst5|pulso ; Stuck at VCC              ; Counter4:inst|s_cntValue[0], Counter4:inst|s_cntValue[1],         ;
;                             ; due to stuck port data_in ; Counter4:inst|s_cntValue[2], Counter4:inst|s_cntValue[3],         ;
;                             ;                           ; GeradorDePulso1:inst5|s_cnt[10], GeradorDePulso1:inst5|s_cnt[9],  ;
;                             ;                           ; GeradorDePulso1:inst5|s_cnt[8], GeradorDePulso1:inst5|s_cnt[11],  ;
;                             ;                           ; GeradorDePulso1:inst5|s_cnt[16], GeradorDePulso1:inst5|s_cnt[18], ;
;                             ;                           ; GeradorDePulso1:inst5|s_cnt[24]                                   ;
; GeradorDePulso4:inst4|pulso ; Stuck at VCC              ; GeradorDePulso4:inst4|s_cnt[8], GeradorDePulso4:inst4|s_cnt[7],   ;
;                             ; due to stuck port data_in ; GeradorDePulso4:inst4|s_cnt[6], GeradorDePulso4:inst4|s_cnt[9],   ;
;                             ;                           ; GeradorDePulso4:inst4|s_cnt[14], GeradorDePulso4:inst4|s_cnt[16], ;
;                             ;                           ; GeradorDePulso4:inst4|s_cnt[22]                                   ;
+-----------------------------+---------------------------+-------------------------------------------------------------------+


+------------------------------------------------------+
; General Register Statistics                          ;
+----------------------------------------------+-------+
; Statistic                                    ; Value ;
+----------------------------------------------+-------+
; Total registers                              ; 0     ;
; Number of registers using Synchronous Clear  ; 0     ;
; Number of registers using Synchronous Load   ; 0     ;
; Number of registers using Asynchronous Clear ; 0     ;
; Number of registers using Asynchronous Load  ; 0     ;
; Number of registers using Clock Enable       ; 0     ;
; Number of registers using Preset             ; 0     ;
+----------------------------------------------+-------+


+--------------------------------------------------------------------+
; Parameter Settings for User Entity Instance: GeradorDePulso4:inst4 ;
+----------------+----------+----------------------------------------+
; Parameter Name ; Value    ; Type                                   ;
+----------------+----------+----------------------------------------+
; max            ; 12500000 ; Signed Integer                         ;
+----------------+----------+----------------------------------------+
Note: In order to hide this table in the UI and the text report file, please set the "Show Parameter Settings in Synthesis Report" option in "Analysis and Synthesis Settings -> More Settings" to "Off".


+--------------------------------------------------------------------+
; Parameter Settings for User Entity Instance: GeradorDePulso1:inst5 ;
+----------------+----------+----------------------------------------+
; Parameter Name ; Value    ; Type                                   ;
+----------------+----------+----------------------------------------+
; max            ; 50000000 ; Signed Integer                         ;
+----------------+----------+----------------------------------------+
Note: In order to hide this table in the UI and the text report file, please set the "Show Parameter Settings in Synthesis Report" option in "Analysis and Synthesis Settings -> More Settings" to "Off".


+-----------------------------------------------------+
; Post-Synthesis Netlist Statistics for Top Partition ;
+-----------------------+-----------------------------+
; Type                  ; Count                       ;
+-----------------------+-----------------------------+
; boundary_port         ; 29                          ;
; cycloneiii_lcell_comb ; 2                           ;
;     normal            ; 2                           ;
;         0 data inputs ; 2                           ;
;                       ;                             ;
; Max LUT depth         ; 0.00                        ;
; Average LUT depth     ; 0.00                        ;
+-----------------------+-----------------------------+


+-------------------------------+
; Elapsed Time Per Partition    ;
+----------------+--------------+
; Partition Name ; Elapsed Time ;
+----------------+--------------+
; Top            ; 00:00:00     ;
+----------------+--------------+


+-------------------------------+
; Analysis & Synthesis Messages ;
+-------------------------------+
Info: *******************************************************************
Info: Running Quartus Prime Analysis & Synthesis
    Info: Version 20.1.1 Build 720 11/11/2020 SJ Lite Edition
    Info: Processing started: Wed May 18 12:36:47 2022
Info: Command: quartus_map --read_settings_files=on --write_settings_files=off miniprojeto -c miniprojeto
Warning (18236): Number of processors has not been specified which may cause overloading on shared machines.  Set the global assignment NUM_PARALLEL_PROCESSORS in your QSF to an appropriate value for best performance.
Info (20030): Parallel compilation is enabled and will use 8 of the 8 processors detected
Info (12021): Found 2 design units, including 1 entities, in source file counter4.vhd
    Info (12022): Found design unit 1: Counter4-Behavioral File: C:/Users/andre/MINIPROJETO/Counter4.vhd Line: 11
    Info (12023): Found entity 1: Counter4 File: C:/Users/andre/MINIPROJETO/Counter4.vhd Line: 4
Info (12021): Found 2 design units, including 1 entities, in source file decoder7led.vhd
    Info (12022): Found design unit 1: Decoder7Led-Behavioral File: C:/Users/andre/MINIPROJETO/Decoder7Led.vhd Line: 9
    Info (12023): Found entity 1: Decoder7Led File: C:/Users/andre/MINIPROJETO/Decoder7Led.vhd Line: 4
Info (12021): Found 2 design units, including 1 entities, in source file counter4tb.vhd
    Info (12022): Found design unit 1: Counter4tb-Stimulus File: C:/Users/andre/MINIPROJETO/Counter4tb.vhd Line: 7
    Info (12023): Found entity 1: Counter4tb File: C:/Users/andre/MINIPROJETO/Counter4tb.vhd Line: 4
Info (12021): Found 2 design units, including 1 entities, in source file geradordepulso1.vhd
    Info (12022): Found design unit 1: GeradorDePulso1-Behavioral File: C:/Users/andre/MINIPROJETO/GeradorDePulso1.vhd Line: 13
    Info (12023): Found entity 1: GeradorDePulso1 File: C:/Users/andre/MINIPROJETO/GeradorDePulso1.vhd Line: 5
Info (12021): Found 2 design units, including 1 entities, in source file mux2_1.vhd
    Info (12022): Found design unit 1: Mux2_1-Behavioral File: C:/Users/andre/MINIPROJETO/Mux2_1.vhd Line: 11
    Info (12023): Found entity 1: Mux2_1 File: C:/Users/andre/MINIPROJETO/Mux2_1.vhd Line: 4
Info (12021): Found 2 design units, including 1 entities, in source file geradordepulso4.vhd
    Info (12022): Found design unit 1: GeradorDePulso4-Behavioral File: C:/Users/andre/MINIPROJETO/GeradorDePulso4.vhd Line: 13
    Info (12023): Found entity 1: GeradorDePulso4 File: C:/Users/andre/MINIPROJETO/GeradorDePulso4.vhd Line: 5
Info (12021): Found 1 design units, including 1 entities, in source file miniprojeto.bdf
    Info (12023): Found entity 1: miniprojeto
Info (12021): Found 2 design units, including 1 entities, in source file dec4_16.vhd
    Info (12022): Found design unit 1: dec4_16-behavioral File: C:/Users/andre/MINIPROJETO/dec4_16.vhd Line: 11
    Info (12023): Found entity 1: dec4_16 File: C:/Users/andre/MINIPROJETO/dec4_16.vhd Line: 4
Info (12127): Elaborating entity "miniprojeto" for the top level hierarchy
Info (12128): Elaborating entity "Decoder7Led" for hierarchy "Decoder7Led:inst2"
Info (12128): Elaborating entity "Counter4" for hierarchy "Counter4:inst"
Info (12128): Elaborating entity "Mux2_1" for hierarchy "Mux2_1:inst6"
Info (12128): Elaborating entity "GeradorDePulso4" for hierarchy "GeradorDePulso4:inst4"
Info (12128): Elaborating entity "GeradorDePulso1" for hierarchy "GeradorDePulso1:inst5"
Info (12128): Elaborating entity "dec4_16" for hierarchy "dec4_16:inst8"
Warning (19016): Clock multiplexers are found and protected
    Warning (19017): Found clock multiplexer Mux2_1:inst6|muxOut File: C:/Users/andre/MINIPROJETO/Mux2_1.vhd Line: 8
Warning (13024): Output pins are stuck at VCC or GND
    Warning (13410): Pin "HEX0[6]" is stuck at VCC
    Warning (13410): Pin "HEX0[5]" is stuck at GND
    Warning (13410): Pin "HEX0[4]" is stuck at GND
    Warning (13410): Pin "HEX0[3]" is stuck at GND
    Warning (13410): Pin "HEX0[2]" is stuck at GND
    Warning (13410): Pin "HEX0[1]" is stuck at GND
    Warning (13410): Pin "HEX0[0]" is stuck at GND
    Warning (13410): Pin "LEDR[15]" is stuck at GND
    Warning (13410): Pin "LEDR[14]" is stuck at GND
    Warning (13410): Pin "LEDR[13]" is stuck at GND
    Warning (13410): Pin "LEDR[12]" is stuck at GND
    Warning (13410): Pin "LEDR[11]" is stuck at GND
    Warning (13410): Pin "LEDR[10]" is stuck at GND
    Warning (13410): Pin "LEDR[9]" is stuck at GND
    Warning (13410): Pin "LEDR[8]" is stuck at GND
    Warning (13410): Pin "LEDR[7]" is stuck at GND
    Warning (13410): Pin "LEDR[6]" is stuck at GND
    Warning (13410): Pin "LEDR[5]" is stuck at GND
    Warning (13410): Pin "LEDR[4]" is stuck at GND
    Warning (13410): Pin "LEDR[3]" is stuck at GND
    Warning (13410): Pin "LEDR[2]" is stuck at GND
    Warning (13410): Pin "LEDR[1]" is stuck at GND
    Warning (13410): Pin "LEDR[0]" is stuck at VCC
Info (17049): 50 registers lost all their fanouts during netlist optimizations.
Info (16010): Generating hard_block partition "hard_block:auto_generated_inst"
    Info (16011): Adding 0 node(s), including 0 DDIO, 0 PLL, 0 transceiver and 0 LCELL
Warning (21074): Design contains 6 input pin(s) that do not drive logic
    Warning (15610): No output dependent on input pin "KEY[1]"
    Warning (15610): No output dependent on input pin "KEY[0]"
    Warning (15610): No output dependent on input pin "CLK"
    Warning (15610): No output dependent on input pin "SW[2]"
    Warning (15610): No output dependent on input pin "SW[1]"
    Warning (15610): No output dependent on input pin "SW[0]"
Info (21057): Implemented 29 device resources after synthesis - the final resource count might be different
    Info (21058): Implemented 6 input pins
    Info (21059): Implemented 23 output pins
Info: Quartus Prime Analysis & Synthesis was successful. 0 errors, 34 warnings
    Info: Peak virtual memory: 4785 megabytes
    Info: Processing ended: Wed May 18 12:36:53 2022
    Info: Elapsed time: 00:00:06
    Info: Total CPU time (on all processors): 00:00:15


